settings8.0/app/build/outputs/logs/manifest-merger-debug-report.txt
-- Merging decision tree log ---
manifest
ADDED from src\main\AndroidManifest.xml:2:1-149:12
INJECTED from src\main\AndroidManifest.xml:2:1-149:12
INJECTED from src\main\AndroidManifest.xml:2:1-149:12
INJECTED from src\main\AndroidManifest.xml:2:1-149:12
MERGED from [com.squareup.leakcanary:leakcanary-android:1.5.4] AndroidManifest.xml:17:1-61:12
MERGED from [com.android.support:appcompat-v7:27.1.1] AndroidManifest.xml:17:1-22:12
MERGED from [com.android.support.constraint:constraint-layout:1.1.3] AndroidManifest.xml:2:1-11:12
MERGED from [com.android.support:multidex:1.0.3] AndroidManifest.xml:17:1-22:12
MERGED from [com.jakewharton:butterknife:8.8.1] AndroidManifest.xml:2:1-7:12
MERGED from [com.squareup.leakcanary:leakcanary-analyzer:1.5.4] AndroidManifest.xml:17:1-25:12
MERGED from [com.android.support:support-fragment:27.1.1] AndroidManifest.xml:17:1-22:12
MERGED from [com.android.support:animated-vector-drawable:27.1.1] AndroidManifest.xml:17:1-22:12
MERGED from [com.android.support:support-core-ui:27.1.1] AndroidManifest.xml:17:1-22:12
MERGED from [com.android.support:support-core-utils:27.1.1] AndroidManifest.xml:17:1-22:12
MERGED from [com.android.support:support-vector-drawable:27.1.1] AndroidManifest.xml:17:1-22:12
MERGED from [com.android.support:support-compat:27.1.1] AndroidManifest.xml:17:1-22:12
MERGED from [android.arch.lifecycle:livedata-core:1.1.0] AndroidManifest.xml:17:1-22:12
MERGED from [android.arch.lifecycle:viewmodel:1.1.0] AndroidManifest.xml:17:1-22:12
MERGED from [android.arch.lifecycle:runtime:1.1.0] AndroidManifest.xml:17:1-22:12
MERGED from [android.arch.core:runtime:1.1.0] AndroidManifest.xml:17:1-22:12
INJECTED from src\main\AndroidManifest.xml:2:1-149:12
INJECTED from src\main\AndroidManifest.xml:2:1-149:12
INJECTED from src\main\AndroidManifest.xml:2:1-149:12
	package
		ADDED from src\main\AndroidManifest.xml:4:5-34
		INJECTED from src\main\AndroidManifest.xml
		INJECTED from src\main\AndroidManifest.xml
	android:sharedUserId
		ADDED from src\main\AndroidManifest.xml:5:5-46
	android:versionName
		INJECTED from src\main\AndroidManifest.xml
		ADDED from src\main\AndroidManifest.xml:2:1-149:12
		INJECTED from src\main\AndroidManifest.xml
	xmlns:tools
		ADDED from src\main\AndroidManifest.xml:3:5-51
	android:versionCode
		INJECTED from src\main\AndroidManifest.xml
		ADDED from src\main\AndroidManifest.xml:2:1-149:12
		INJECTED from src\main\AndroidManifest.xml
	xmlns:android
		ADDED from src\main\AndroidManifest.xml:2:11-69
uses-permission#android.permission.ACCESS_NETWORK_STATE
ADDED from src\main\AndroidManifest.xml:9:5-79
	android:name
		ADDED from src\main\AndroidManifest.xml:9:22-76
uses-permission#android.permission.ACCESS_WIFI_STATE
ADDED from src\main\AndroidManifest.xml:10:5-76
	android:name
		ADDED from src\main\AndroidManifest.xml:10:22-73
uses-permission#android.permission.CHANGE_WIFI_STATE
ADDED from src\main\AndroidManifest.xml:11:5-76
	android:name
		ADDED from src\main\AndroidManifest.xml:11:22-73
uses-permission#android.permission.CHANGE_CONFIGURATION
ADDED from src\main\AndroidManifest.xml:12:5-13:47
	tools:ignore
		ADDED from src\main\AndroidManifest.xml:13:9-44
	android:name
		ADDED from src\main\AndroidManifest.xml:12:22-76
uses-permission#android.permission.WRITE_EXTERNAL_STORAGE
ADDED from src\main\AndroidManifest.xml:14:5-81
MERGED from [com.squareup.leakcanary:leakcanary-android:1.5.4] AndroidManifest.xml:24:5-81
MERGED from [com.squareup.leakcanary:leakcanary-android:1.5.4] AndroidManifest.xml:24:5-81
	android:name
		ADDED from src\main\AndroidManifest.xml:14:22-78
uses-permission#android.permission.WRITE_SETTINGS
ADDED from src\main\AndroidManifest.xml:15:5-16:47
	tools:ignore
		ADDED from src\main\AndroidManifest.xml:16:9-44
	android:name
		ADDED from src\main\AndroidManifest.xml:15:22-70
uses-permission#android.permission.GET_PACKAGE_SIZE
ADDED from src\main\AndroidManifest.xml:17:5-75
	android:name
		ADDED from src\main\AndroidManifest.xml:17:22-72
uses-permission#android.permission.ACCESS_COARSE_LOCATION
ADDED from src\main\AndroidManifest.xml:18:5-81
	android:name
		ADDED from src\main\AndroidManifest.xml:18:22-78
uses-permission#android.permission.ACCESS_FINE_LOCATION
ADDED from src\main\AndroidManifest.xml:19:5-79
	android:name
		ADDED from src\main\AndroidManifest.xml:19:22-76
uses-permission#android.permission.SET_TIME_ZONE
ADDED from src\main\AndroidManifest.xml:20:5-21:47
	tools:ignore
		ADDED from src\main\AndroidManifest.xml:21:9-44
	android:name
		ADDED from src\main\AndroidManifest.xml:20:22-69
uses-permission#android.permission.MASTER_CLEAR
ADDED from src\main\AndroidManifest.xml:22:5-24:47
	tools:ignore
		ADDED from src\main\AndroidManifest.xml:24:9-44
	android:name
		ADDED from src\main\AndroidManifest.xml:23:9-55
uses-permission#android.permission.DELETE_CACHE_FILES
ADDED from src\main\AndroidManifest.xml:25:5-27:47
	tools:ignore
		ADDED from src\main\AndroidManifest.xml:27:9-44
	android:name
		ADDED from src\main\AndroidManifest.xml:26:9-61
uses-permission#android.permission.SET_TIME
ADDED from src\main\AndroidManifest.xml:28:5-30:47
	tools:ignore
		ADDED from src\main\AndroidManifest.xml:30:9-44
	android:name
		ADDED from src\main\AndroidManifest.xml:29:9-51
uses-permission#android.permission.WRITE_SECURE_SETTINGS
ADDED from src\main\AndroidManifest.xml:31:5-33:47
	tools:ignore
		ADDED from src\main\AndroidManifest.xml:33:9-44
	android:name
		ADDED from src\main\AndroidManifest.xml:32:9-64
uses-permission#android.permission.KILL_BACKGROUND_PROCESSES
ADDED from src\main\AndroidManifest.xml:34:5-84
	android:name
		ADDED from src\main\AndroidManifest.xml:34:22-81
uses-permission#android.permission.BLUETOOTH_ADMIN
ADDED from src\main\AndroidManifest.xml:35:5-74
	android:name
		ADDED from src\main\AndroidManifest.xml:35:22-71
uses-permission#android.permission.BLUETOOTH
ADDED from src\main\AndroidManifest.xml:36:5-68
	android:name
		ADDED from src\main\AndroidManifest.xml:36:22-65
uses-permission#android.permission.RECEIVE_BOOT_COMPLETED
ADDED from src\main\AndroidManifest.xml:37:5-81
	android:name
		ADDED from src\main\AndroidManifest.xml:37:22-78
uses-permission#android.permission.VIBRATE
ADDED from src\main\AndroidManifest.xml:38:5-66
	android:name
		ADDED from src\main\AndroidManifest.xml:38:22-63
uses-permission#android.permission.WAKE_LOCK
ADDED from src\main\AndroidManifest.xml:39:5-68
	android:name
		ADDED from src\main\AndroidManifest.xml:39:22-65
uses-permission#android.permission.EXPAND_STATUS_BAR
ADDED from src\main\AndroidManifest.xml:40:5-76
	android:name
		ADDED from src\main\AndroidManifest.xml:40:22-73
uses-permission#android.permission.SYSTEM_ALERT_WINDOW
ADDED from src\main\AndroidManifest.xml:41:5-78
	android:name
		ADDED from src\main\AndroidManifest.xml:41:22-75
uses-permission#android.permission.READ_CONTACTS
ADDED from src\main\AndroidManifest.xml:42:5-72
	android:name
		ADDED from src\main\AndroidManifest.xml:42:22-69
uses-permission#android.permission.WRITE_CONTACTS
ADDED from src\main\AndroidManifest.xml:43:5-73
	android:name
		ADDED from src\main\AndroidManifest.xml:43:22-70
uses-permission#android.permission.READ_CALL_LOG
ADDED from src\main\AndroidManifest.xml:44:5-72
	android:name
		ADDED from src\main\AndroidManifest.xml:44:22-69
uses-permission#android.permission.WRITE_CALL_LOG
ADDED from src\main\AndroidManifest.xml:45:5-73
	android:name
		ADDED from src\main\AndroidManifest.xml:45:22-70
uses-permission#android.permission.FORCE_STOP_PACKAGES
ADDED from src\main\AndroidManifest.xml:46:5-48:47
	tools:ignore
		ADDED from src\main\AndroidManifest.xml:48:9-44
	android:name
		ADDED from src\main\AndroidManifest.xml:47:9-62
uses-permission#android.permission.BLUETOOTH_PRIVILEGED
ADDED from src\main\AndroidManifest.xml:49:5-50:47
	tools:ignore
		ADDED from src\main\AndroidManifest.xml:50:9-44
	android:name
		ADDED from src\main\AndroidManifest.xml:49:22-76
uses-permission#android.permission.GET_TASKS
ADDED from src\main\AndroidManifest.xml:51:5-68
	android:name
		ADDED from src\main\AndroidManifest.xml:51:22-65
uses-permission#android.permission.READ_PHONE_STATE
ADDED from src\main\AndroidManifest.xml:52:5-75
	android:name
		ADDED from src\main\AndroidManifest.xml:52:22-72
uses-permission#android.permission.PROCESS_OUTGOING_CALLS
ADDED from src\main\AndroidManifest.xml:74:5-81
	android:name
		ADDED from src\main\AndroidManifest.xml:74:22-78
uses-permission#android.permission.ACCESS_MOCK_LOCATION
ADDED from src\main\AndroidManifest.xml:78:5-80:60
	tools:ignore
		ADDED from src\main\AndroidManifest.xml:80:9-57
	android:name
		ADDED from src\main\AndroidManifest.xml:79:9-63
application
ADDED from src\main\AndroidManifest.xml:82:5-147:19
MERGED from [com.squareup.leakcanary:leakcanary-android:1.5.4] AndroidManifest.xml:26:5-59:19
MERGED from [com.squareup.leakcanary:leakcanary-android:1.5.4] AndroidManifest.xml:26:5-59:19
MERGED from [com.android.support.constraint:constraint-layout:1.1.3] AndroidManifest.xml:9:5-20
MERGED from [com.android.support.constraint:constraint-layout:1.1.3] AndroidManifest.xml:9:5-20
MERGED from [com.squareup.leakcanary:leakcanary-analyzer:1.5.4] AndroidManifest.xml:23:5-20
MERGED from [com.squareup.leakcanary:leakcanary-analyzer:1.5.4] AndroidManifest.xml:23:5-20
	android:supportsRtl
		ADDED from src\main\AndroidManifest.xml:88:9-35
	android:label
		ADDED from src\main\AndroidManifest.xml:86:9-41
	android:roundIcon
		ADDED from src\main\AndroidManifest.xml:87:9-54
	android:icon
		ADDED from src\main\AndroidManifest.xml:85:9-43
	android:allowBackup
		ADDED from src\main\AndroidManifest.xml:84:9-35
	android:theme
		ADDED from src\main\AndroidManifest.xml:89:9-67
	android:name
		ADDED from src\main\AndroidManifest.xml:83:9-58
activity#com.jancar.settings.view.activity.MainActivity
ADDED from src\main\AndroidManifest.xml:90:9-100:20
	android:launchMode
		ADDED from src\main\AndroidManifest.xml:93:13-44
	android:configChanges
		ADDED from src\main\AndroidManifest.xml:92:13-79
	android:theme
		ADDED from src\main\AndroidManifest.xml:94:13-44
	android:name
		ADDED from src\main\AndroidManifest.xml:91:13-55
intent-filter#android.intent.action.MAIN+android.intent.category.LAUNCHER
ADDED from src\main\AndroidManifest.xml:95:13-99:29
action#android.intent.action.MAIN
ADDED from src\main\AndroidManifest.xml:96:17-69
	android:name
		ADDED from src\main\AndroidManifest.xml:96:25-66
category#android.intent.category.LAUNCHER
ADDED from src\main\AndroidManifest.xml:98:17-77
	android:name
		ADDED from src\main\AndroidManifest.xml:98:27-74
activity#com.jancar.settings.view.activity.TimeZoneActivity
ADDED from src\main\AndroidManifest.xml:101:9-77
	android:name
		ADDED from src\main\AndroidManifest.xml:101:19-65
receiver#com.jancar.settings.broadcast.SendResetBroadcast
ADDED from src\main\AndroidManifest.xml:103:9-107:20
	android:name
		ADDED from src\main\AndroidManifest.xml:103:19-63
intent-filter#com.qucii.sendreset
ADDED from src\main\AndroidManifest.xml:104:13-106:29
action#com.qucii.sendreset
ADDED from src\main\AndroidManifest.xml:105:17-62
	android:name
		ADDED from src\main\AndroidManifest.xml:105:25-59
receiver#com.jancar.settings.broadcast.ResetReceiver
ADDED from src\main\AndroidManifest.xml:108:9-112:20
	android:name
		ADDED from src\main\AndroidManifest.xml:108:19-58
intent-filter#com.jancar.action.reset.default.settings
ADDED from src\main\AndroidManifest.xml:109:13-111:29
action#com.jancar.action.reset.default.settings
ADDED from src\main\AndroidManifest.xml:110:17-83
	android:name
		ADDED from src\main\AndroidManifest.xml:110:25-80
receiver#com.jancar.settings.broadcast.SettingsReceiver
ADDED from src\main\AndroidManifest.xml:113:9-121:20
	android:name
		ADDED from src\main\AndroidManifest.xml:114:13-55
intent-filter#android.intent.action.BOOT_COMPLETED+android.intent.action.TEST_GKP+android.media.AUDIO_BECOMING_NOISY
ADDED from src\main\AndroidManifest.xml:115:13-120:29
	android:priority
		ADDED from src\main\AndroidManifest.xml:115:28-52
action#android.intent.action.BOOT_COMPLETED
ADDED from src\main\AndroidManifest.xml:116:17-79
	android:name
		ADDED from src\main\AndroidManifest.xml:116:25-76
action#android.media.AUDIO_BECOMING_NOISY
ADDED from src\main\AndroidManifest.xml:117:17-77
	android:name
		ADDED from src\main\AndroidManifest.xml:117:25-74
action#android.intent.action.TEST_GKP
ADDED from src\main\AndroidManifest.xml:118:17-119:23
	android:name
		ADDED from src\main\AndroidManifest.xml:118:25-70
service#com.jancar.settings.service.SettingsUIService
ADDED from src\main\AndroidManifest.xml:123:9-127:19
	android:name
		ADDED from src\main\AndroidManifest.xml:123:18-59
intent-filter#com.jancar.settings.service.SettingsUIService
ADDED from src\main\AndroidManifest.xml:124:13-126:29
action#com.jancar.settings.service.SettingsUIService
ADDED from src\main\AndroidManifest.xml:125:17-88
	android:name
		ADDED from src\main\AndroidManifest.xml:125:25-85
service#com.jancar.settings.suspension.OverlayMenuService
ADDED from src\main\AndroidManifest.xml:129:9-136:19
	android:enabled
		ADDED from src\main\AndroidManifest.xml:131:13-35
	android:exported
		ADDED from src\main\AndroidManifest.xml:132:13-36
	android:name
		ADDED from src\main\AndroidManifest.xml:130:13-58
intent-filter#com.jancar.settings.suspension.OverlayMenuService
ADDED from src\main\AndroidManifest.xml:133:13-135:29
action#com.jancar.settings.suspension.OverlayMenuService
ADDED from src\main\AndroidManifest.xml:134:17-92
	android:name
		ADDED from src\main\AndroidManifest.xml:134:25-89
service#com.jancar.settings.service.MyService
ADDED from src\main\AndroidManifest.xml:137:9-144:19
	android:enabled
		ADDED from src\main\AndroidManifest.xml:139:13-35
	android:exported
		ADDED from src\main\AndroidManifest.xml:140:13-36
	android:name
		ADDED from src\main\AndroidManifest.xml:138:13-46
intent-filter#com.jancar.settings.MyService
ADDED from src\main\AndroidManifest.xml:141:13-143:29
action#com.jancar.settings.MyService
ADDED from src\main\AndroidManifest.xml:142:17-72
	android:name
		ADDED from src\main\AndroidManifest.xml:142:25-69
uses-sdk
INJECTED from src\main\AndroidManifest.xml reason: use-sdk injection requested
INJECTED from src\main\AndroidManifest.xml
INJECTED from src\main\AndroidManifest.xml
MERGED from [com.squareup.leakcanary:leakcanary-android:1.5.4] AndroidManifest.xml:20:5-44
MERGED from [com.squareup.leakcanary:leakcanary-android:1.5.4] AndroidManifest.xml:20:5-44
MERGED from [com.android.support:appcompat-v7:27.1.1] AndroidManifest.xml:20:5-44
MERGED from [com.android.support:appcompat-v7:27.1.1] AndroidManifest.xml:20:5-44
MERGED from [com.android.support.constraint:constraint-layout:1.1.3] AndroidManifest.xml:5:5-7:41
MERGED from [com.android.support.constraint:constraint-layout:1.1.3] AndroidManifest.xml:5:5-7:41
MERGED from [com.android.support:multidex:1.0.3] AndroidManifest.xml:20:5-43
MERGED from [com.android.support:multidex:1.0.3] AndroidManifest.xml:20:5-43
MERGED from [com.jakewharton:butterknife:8.8.1] AndroidManifest.xml:5:5-43
MERGED from [com.jakewharton:butterknife:8.8.1] AndroidManifest.xml:5:5-43
MERGED from [com.squareup.leakcanary:leakcanary-analyzer:1.5.4] AndroidManifest.xml:21:5-44
MERGED from [com.squareup.leakcanary:leakcanary-analyzer:1.5.4] AndroidManifest.xml:21:5-44
MERGED from [com.android.support:support-fragment:27.1.1] AndroidManifest.xml:20:5-44
MERGED from [com.android.support:support-fragment:27.1.1] AndroidManifest.xml:20:5-44
MERGED from [com.android.support:animated-vector-drawable:27.1.1] AndroidManifest.xml:20:5-44
MERGED from [com.android.support:animated-vector-drawable:27.1.1] AndroidManifest.xml:20:5-44
MERGED from [com.android.support:support-core-ui:27.1.1] AndroidManifest.xml:20:5-44
MERGED from [com.android.support:support-core-ui:27.1.1] AndroidManifest.xml:20:5-44
MERGED from [com.android.support:support-core-utils:27.1.1] AndroidManifest.xml:20:5-44
MERGED from [com.android.support:support-core-utils:27.1.1] AndroidManifest.xml:20:5-44
MERGED from [com.android.support:support-vector-drawable:27.1.1] AndroidManifest.xml:20:5-44
MERGED from [com.android.support:support-vector-drawable:27.1.1] AndroidManifest.xml:20:5-44
MERGED from [com.android.support:support-compat:27.1.1] AndroidManifest.xml:20:5-44
MERGED from [com.android.support:support-compat:27.1.1] AndroidManifest.xml:20:5-44
MERGED from [android.arch.lifecycle:livedata-core:1.1.0] AndroidManifest.xml:20:5-44
MERGED from [android.arch.lifecycle:livedata-core:1.1.0] AndroidManifest.xml:20:5-44
MERGED from [android.arch.lifecycle:viewmodel:1.1.0] AndroidManifest.xml:20:5-44
MERGED from [android.arch.lifecycle:viewmodel:1.1.0] AndroidManifest.xml:20:5-44
MERGED from [android.arch.lifecycle:runtime:1.1.0] AndroidManifest.xml:20:5-44
MERGED from [android.arch.lifecycle:runtime:1.1.0] AndroidManifest.xml:20:5-44
MERGED from [android.arch.core:runtime:1.1.0] AndroidManifest.xml:20:5-44
MERGED from [android.arch.core:runtime:1.1.0] AndroidManifest.xml:20:5-44
INJECTED from src\main\AndroidManifest.xml
INJECTED from src\main\AndroidManifest.xml
	android:targetSdkVersion
		INJECTED from src\main\AndroidManifest.xml
		ADDED from src\main\AndroidManifest.xml
		INJECTED from src\main\AndroidManifest.xml
	android:minSdkVersion
		INJECTED from src\main\AndroidManifest.xml
		ADDED from src\main\AndroidManifest.xml
		INJECTED from src\main\AndroidManifest.xml
uses-permission#android.permission.READ_EXTERNAL_STORAGE
ADDED from [com.squareup.leakcanary:leakcanary-android:1.5.4] AndroidManifest.xml:23:5-80
IMPLIED from src\main\AndroidManifest.xml:2:1-149:12 reason: com.squareup.leakcanary requested WRITE_EXTERNAL_STORAGE
	android:name
		ADDED from [com.squareup.leakcanary:leakcanary-android:1.5.4] AndroidManifest.xml:23:22-77
service#com.squareup.leakcanary.internal.HeapAnalyzerService
ADDED from [com.squareup.leakcanary:leakcanary-android:1.5.4] AndroidManifest.xml:27:9-30:45
	android:process
		ADDED from [com.squareup.leakcanary:leakcanary-android:1.5.4] AndroidManifest.xml:30:13-42
	android:enabled
		ADDED from [com.squareup.leakcanary:leakcanary-android:1.5.4] AndroidManifest.xml:29:13-36
	android:name
		ADDED from [com.squareup.leakcanary:leakcanary-android:1.5.4] AndroidManifest.xml:28:13-80
service#com.squareup.leakcanary.DisplayLeakService
ADDED from [com.squareup.leakcanary:leakcanary-android:1.5.4] AndroidManifest.xml:31:9-34:45
	android:process
		ADDED from [com.squareup.leakcanary:leakcanary-android:1.5.4] AndroidManifest.xml:34:13-42
	android:enabled
		ADDED from [com.squareup.leakcanary:leakcanary-android:1.5.4] AndroidManifest.xml:33:13-36
	android:name
		ADDED from [com.squareup.leakcanary:leakcanary-android:1.5.4] AndroidManifest.xml:32:13-70
activity#com.squareup.leakcanary.internal.DisplayLeakActivity
ADDED from [com.squareup.leakcanary:leakcanary-android:1.5.4] AndroidManifest.xml:36:9-49:20
	android:process
		ADDED from [com.squareup.leakcanary:leakcanary-android:1.5.4] AndroidManifest.xml:41:13-42
	android:enabled
		ADDED from [com.squareup.leakcanary:leakcanary-android:1.5.4] AndroidManifest.xml:38:13-36
	android:label
		ADDED from [com.squareup.leakcanary:leakcanary-android:1.5.4] AndroidManifest.xml:40:13-71
	android:icon
		ADDED from [com.squareup.leakcanary:leakcanary-android:1.5.4] AndroidManifest.xml:39:13-54
	android:theme
		ADDED from [com.squareup.leakcanary:leakcanary-android:1.5.4] AndroidManifest.xml:43:13-63
	android:taskAffinity
		ADDED from [com.squareup.leakcanary:leakcanary-android:1.5.4] AndroidManifest.xml:42:13-76
	android:name
		ADDED from [com.squareup.leakcanary:leakcanary-android:1.5.4] AndroidManifest.xml:37:13-80
activity#com.squareup.leakcanary.internal.RequestStoragePermissionActivity
ADDED from [com.squareup.leakcanary:leakcanary-android:1.5.4] AndroidManifest.xml:50:9-58:68
	android:process
		ADDED from [com.squareup.leakcanary:leakcanary-android:1.5.4] AndroidManifest.xml:56:13-42
	android:enabled
		ADDED from [com.squareup.leakcanary:leakcanary-android:1.5.4] AndroidManifest.xml:52:13-36
	android:label
		ADDED from [com.squareup.leakcanary:leakcanary-android:1.5.4] AndroidManifest.xml:55:13-82
	android:excludeFromRecents
		ADDED from [com.squareup.leakcanary:leakcanary-android:1.5.4] AndroidManifest.xml:53:13-46
	android:icon
		ADDED from [com.squareup.leakcanary:leakcanary-android:1.5.4] AndroidManifest.xml:54:13-54
	android:theme
		ADDED from [com.squareup.leakcanary:leakcanary-android:1.5.4] AndroidManifest.xml:58:13-65
	android:taskAffinity
		ADDED from [com.squareup.leakcanary:leakcanary-android:1.5.4] AndroidManifest.xml:57:13-76
	android:name
		ADDED from [com.squareup.leakcanary:leakcanary-android:1.5.4] AndroidManifest.xml:51:13-93